[2017-08-21 16:01:42] Текст ошибки: Нет соединения с БД | Файл: D:\WebServer\domains\ishop2.loc\vendor\ishop\core\Db.php | Строка: 14
=================
[2017-08-22 08:49:56] Текст ошибки: Страница не найдена | Файл: D:\WebServer\domains\ishop2.loc\vendor\ishop\core\Router.php | Строка: 39
=================
[2017-08-22 08:49:56] Текст ошибки: Страница не найдена | Файл: D:\WebServer\domains\ishop2.loc\vendor\ishop\core\Router.php | Строка: 39
=================
[2017-08-22 08:52:48] Текст ошибки: Страница не найдена | Файл: D:\WebServer\domains\ishop2.loc\vendor\ishop\core\Router.php | Строка: 39
=================
[2017-08-22 08:52:48] Текст ошибки: Страница не найдена | Файл: D:\WebServer\domains\ishop2.loc\vendor\ishop\core\Router.php | Строка: 39
=================
[2017-08-22 08:52:48] Текст ошибки: Страница не найдена | Файл: D:\WebServer\domains\ishop2.loc\vendor\ishop\core\Router.php | Строка: 39
=================
[2017-08-22 08:52:48] Текст ошибки: Страница не найдена | Файл: D:\WebServer\domains\ishop2.loc\vendor\ishop\core\Router.php | Строка: 39
=================
[2017-08-22 08:52:48] Текст ошибки: Страница не найдена | Файл: D:\WebServer\domains\ishop2.loc\vendor\ishop\core\Router.php | Строка: 39
=================
[2017-08-22 08:52:48] Текст ошибки: Страница не найдена | Файл: D:\WebServer\domains\ishop2.loc\vendor\ishop\core\Router.php | Строка: 39
=================
[2017-08-22 08:52:48] Текст ошибки: Страница не найдена | Файл: D:\WebServer\domains\ishop2.loc\vendor\ishop\core\Router.php | Строка: 39
=================
[2017-08-22 08:52:48] Текст ошибки: Страница не найдена | Файл: D:\WebServer\domains\ishop2.loc\vendor\ishop\core\Router.php | Строка: 39
=================
[2017-08-22 08:52:48] Текст ошибки: Страница не найдена | Файл: D:\WebServer\domains\ishop2.loc\vendor\ishop\core\Router.php | Строка: 39
=================
[2017-08-22 08:52:48] Текст ошибки: Страница не найдена | Файл: D:\WebServer\domains\ishop2.loc\vendor\ishop\core\Router.php | Строка: 39
=================
[2017-08-22 08:52:48] Текст ошибки: Страница не найдена | Файл: D:\WebServer\domains\ishop2.loc\vendor\ishop\core\Router.php | Строка: 39
=================
[2017-08-22 08:52:48] Текст ошибки: Страница не найдена | Файл: D:\WebServer\domains\ishop2.loc\vendor\ishop\core\Router.php | Строка: 39
=================
[2017-08-22 08:52:48] Текст ошибки: Страница не найдена | Файл: D:\WebServer\domains\ishop2.loc\vendor\ishop\core\Router.php | Строка: 39
=================
[2017-08-22 08:52:48] Текст ошибки: Страница не найдена | Файл: D:\WebServer\domains\ishop2.loc\vendor\ishop\core\Router.php | Строка: 39
=================
[2017-08-22 08:52:48] Текст ошибки: Страница не найдена | Файл: D:\WebServer\domains\ishop2.loc\vendor\ishop\core\Router.php | Строка: 39
=================
[2017-08-22 08:52:48] Текст ошибки: Страница не найдена | Файл: D:\WebServer\domains\ishop2.loc\vendor\ishop\core\Router.php | Строка: 39
=================
[2017-08-22 08:52:48] Текст ошибки: Страница не найдена | Файл: D:\WebServer\domains\ishop2.loc\vendor\ishop\core\Router.php | Строка: 39
=================
[2017-08-22 08:52:48] Текст ошибки: Страница не найдена | Файл: D:\WebServer\domains\ishop2.loc\vendor\ishop\core\Router.php | Строка: 39
=================
[2017-08-22 08:52:48] Текст ошибки: Страница не найдена | Файл: D:\WebServer\domains\ishop2.loc\vendor\ishop\core\Router.php | Строка: 39
=================
[2017-08-22 08:52:48] Текст ошибки: Страница не найдена | Файл: D:\WebServer\domains\ishop2.loc\vendor\ishop\core\Router.php | Строка: 39
=================
[2017-08-22 08:52:48] Текст ошибки: Страница не найдена | Файл: D:\WebServer\domains\ishop2.loc\vendor\ishop\core\Router.php | Строка: 39
=================
[2017-08-22 08:52:48] Текст ошибки: Страница не найдена | Файл: D:\WebServer\domains\ishop2.loc\vendor\ishop\core\Router.php | Строка: 39
=================
[2017-08-22 08:52:48] Текст ошибки: Страница не найдена | Файл: D:\WebServer\domains\ishop2.loc\vendor\ishop\core\Router.php | Строка: 39
=================
[2017-08-22 08:52:48] Текст ошибки: Страница не найдена | Файл: D:\WebServer\domains\ishop2.loc\vendor\ishop\core\Router.php | Строка: 39
=================
[2017-08-22 08:52:48] Текст ошибки: Страница не найдена | Файл: D:\WebServer\domains\ishop2.loc\vendor\ishop\core\Router.php | Строка: 39
=================
[2017-08-22 08:52:48] Текст ошибки: Страница не найдена | Файл: D:\WebServer\domains\ishop2.loc\vendor\ishop\core\Router.php | Строка: 39
=================
[2017-08-22 08:52:48] Текст ошибки: Страница не найдена | Файл: D:\WebServer\domains\ishop2.loc\vendor\ishop\core\Router.php | Строка: 39
=================
[2017-08-22 08:52:48] Текст ошибки: Страница не найдена | Файл: D:\WebServer\domains\ishop2.loc\vendor\ishop\core\Router.php | Строка: 39
=================
[2017-08-22 08:52:48] Текст ошибки: Страница не найдена | Файл: D:\WebServer\domains\ishop2.loc\vendor\ishop\core\Router.php | Строка: 39
=================
[2017-08-22 08:52:48] Текст ошибки: Страница не найдена | Файл: D:\WebServer\domains\ishop2.loc\vendor\ishop\core\Router.php | Строка: 39
=================
[2017-08-22 08:52:48] Текст ошибки: Страница не найдена | Файл: D:\WebServer\domains\ishop2.loc\vendor\ishop\core\Router.php | Строка: 39
=================
[2017-08-22 08:52:48] Текст ошибки: Страница не найдена | Файл: D:\WebServer\domains\ishop2.loc\vendor\ishop\core\Router.php | Строка: 39
=================
[2017-08-22 08:52:48] Текст ошибки: Страница не найдена | Файл: D:\WebServer\domains\ishop2.loc\vendor\ishop\core\Router.php | Строка: 39
=================
[2017-08-22 08:52:48] Текст ошибки: Страница не найдена | Файл: D:\WebServer\domains\ishop2.loc\vendor\ishop\core\Router.php | Строка: 39
=================
[2017-08-22 08:52:48] Текст ошибки: Страница не найдена | Файл: D:\WebServer\domains\ishop2.loc\vendor\ishop\core\Router.php | Строка: 39
=================
[2017-08-22 08:52:48] Текст ошибки: Страница не найдена | Файл: D:\WebServer\domains\ishop2.loc\vendor\ishop\core\Router.php | Строка: 39
=================
[2017-08-22 08:52:48] Текст ошибки: Страница не найдена | Файл: D:\WebServer\domains\ishop2.loc\vendor\ishop\core\Router.php | Строка: 39
=================
[2017-08-22 08:52:48] Текст ошибки: Страница не найдена | Файл: D:\WebServer\domains\ishop2.loc\vendor\ishop\core\Router.php | Строка: 39
=================
[2017-08-22 08:52:48] Текст ошибки: Страница не найдена | Файл: D:\WebServer\domains\ishop2.loc\vendor\ishop\core\Router.php | Строка: 39
=================
[2017-08-22 08:52:48] Текст ошибки: Страница не найдена | Файл: D:\WebServer\domains\ishop2.loc\vendor\ishop\core\Router.php | Строка: 39
=================
[2017-08-22 08:52:48] Текст ошибки: Страница не найдена | Файл: D:\WebServer\domains\ishop2.loc\vendor\ishop\core\Router.php | Строка: 39
=================
[2017-08-22 08:52:48] Текст ошибки: Страница не найдена | Файл: D:\WebServer\domains\ishop2.loc\vendor\ishop\core\Router.php | Строка: 39
=================
[2017-08-22 08:52:48] Текст ошибки: Страница не найдена | Файл: D:\WebServer\domains\ishop2.loc\vendor\ishop\core\Router.php | Строка: 39
=================
[2017-08-22 08:52:48] Текст ошибки: Страница не найдена | Файл: D:\WebServer\domains\ishop2.loc\vendor\ishop\core\Router.php | Строка: 39
=================
[2017-08-22 08:53:07] Текст ошибки: Страница не найдена | Файл: D:\WebServer\domains\ishop2.loc\vendor\ishop\core\Router.php | Строка: 39
=================
[2017-08-22 08:53:07] Текст ошибки: Страница не найдена | Файл: D:\WebServer\domains\ishop2.loc\vendor\ishop\core\Router.php | Строка: 39
=================
[2017-08-22 08:53:07] Текст ошибки: Страница не найдена | Файл: D:\WebServer\domains\ishop2.loc\vendor\ishop\core\Router.php | Строка: 39
=================
[2017-08-22 08:53:07] Текст ошибки: Страница не найдена | Файл: D:\WebServer\domains\ishop2.loc\vendor\ishop\core\Router.php | Строка: 39
=================
[2017-08-22 08:53:07] Текст ошибки: Страница не найдена | Файл: D:\WebServer\domains\ishop2.loc\vendor\ishop\core\Router.php | Строка: 39
=================
[2017-08-22 08:53:07] Текст ошибки: Страница не найдена | Файл: D:\WebServer\domains\ishop2.loc\vendor\ishop\core\Router.php | Строка: 39
=================
[2017-08-22 08:53:07] Текст ошибки: Страница не найдена | Файл: D:\WebServer\domains\ishop2.loc\vendor\ishop\core\Router.php | Строка: 39
=================
[2017-08-22 08:53:07] Текст ошибки: Страница не найдена | Файл: D:\WebServer\domains\ishop2.loc\vendor\ishop\core\Router.php | Строка: 39
=================
[2017-08-22 08:53:07] Текст ошибки: Страница не найдена | Файл: D:\WebServer\domains\ishop2.loc\vendor\ishop\core\Router.php | Строка: 39
=================
[2017-08-22 08:53:07] Текст ошибки: Страница не найдена | Файл: D:\WebServer\domains\ishop2.loc\vendor\ishop\core\Router.php | Строка: 39
=================
[2017-08-22 08:53:07] Текст ошибки: Страница не найдена | Файл: D:\WebServer\domains\ishop2.loc\vendor\ishop\core\Router.php | Строка: 39
=================
[2017-08-22 08:53:07] Текст ошибки: Страница не найдена | Файл: D:\WebServer\domains\ishop2.loc\vendor\ishop\core\Router.php | Строка: 39
=================
[2017-08-22 08:53:07] Текст ошибки: Страница не найдена | Файл: D:\WebServer\domains\ishop2.loc\vendor\ishop\core\Router.php | Строка: 39
=================
[2017-08-22 08:53:07] Текст ошибки: Страница не найдена | Файл: D:\WebServer\domains\ishop2.loc\vendor\ishop\core\Router.php | Строка: 39
=================
[2017-08-22 08:53:07] Текст ошибки: Страница не найдена | Файл: D:\WebServer\domains\ishop2.loc\vendor\ishop\core\Router.php | Строка: 39
=================
[2017-08-22 08:53:07] Текст ошибки: Страница не найдена | Файл: D:\WebServer\domains\ishop2.loc\vendor\ishop\core\Router.php | Строка: 39
=================
[2017-08-22 08:53:07] Текст ошибки: Страница не найдена | Файл: D:\WebServer\domains\ishop2.loc\vendor\ishop\core\Router.php | Строка: 39
=================
[2017-08-22 08:53:07] Текст ошибки: Страница не найдена | Файл: D:\WebServer\domains\ishop2.loc\vendor\ishop\core\Router.php | Строка: 39
=================
[2017-08-22 08:53:07] Текст ошибки: Страница не найдена | Файл: D:\WebServer\domains\ishop2.loc\vendor\ishop\core\Router.php | Строка: 39
=================
[2017-08-22 08:53:07] Текст ошибки: Страница не найдена | Файл: D:\WebServer\domains\ishop2.loc\vendor\ishop\core\Router.php | Строка: 39
=================
[2017-08-22 08:53:07] Текст ошибки: Страница не найдена | Файл: D:\WebServer\domains\ishop2.loc\vendor\ishop\core\Router.php | Строка: 39
=================
[2017-08-22 08:53:07] Текст ошибки: Страница не найдена | Файл: D:\WebServer\domains\ishop2.loc\vendor\ishop\core\Router.php | Строка: 39
=================
[2017-08-22 08:53:07] Текст ошибки: Страница не найдена | Файл: D:\WebServer\domains\ishop2.loc\vendor\ishop\core\Router.php | Строка: 39
=================
[2017-08-22 08:53:07] Текст ошибки: Страница не найдена | Файл: D:\WebServer\domains\ishop2.loc\vendor\ishop\core\Router.php | Строка: 39
=================
[2017-08-22 08:53:07] Текст ошибки: Страница не найдена | Файл: D:\WebServer\domains\ishop2.loc\vendor\ishop\core\Router.php | Строка: 39
=================
[2017-08-22 08:53:07] Текст ошибки: Страница не найдена | Файл: D:\WebServer\domains\ishop2.loc\vendor\ishop\core\Router.php | Строка: 39
=================
[2017-08-22 08:53:07] Текст ошибки: Страница не найдена | Файл: D:\WebServer\domains\ishop2.loc\vendor\ishop\core\Router.php | Строка: 39
=================
[2017-08-22 08:53:07] Текст ошибки: Страница не найдена | Файл: D:\WebServer\domains\ishop2.loc\vendor\ishop\core\Router.php | Строка: 39
=================
[2017-08-22 08:53:07] Текст ошибки: Страница не найдена | Файл: D:\WebServer\domains\ishop2.loc\vendor\ishop\core\Router.php | Строка: 39
=================
[2017-08-22 08:53:07] Текст ошибки: Страница не найдена | Файл: D:\WebServer\domains\ishop2.loc\vendor\ishop\core\Router.php | Строка: 39
=================
[2017-08-22 08:53:07] Текст ошибки: Страница не найдена | Файл: D:\WebServer\domains\ishop2.loc\vendor\ishop\core\Router.php | Строка: 39
=================
[2017-08-22 08:53:07] Текст ошибки: Страница не найдена | Файл: D:\WebServer\domains\ishop2.loc\vendor\ishop\core\Router.php | Строка: 39
=================
[2017-08-22 08:53:07] Текст ошибки: Страница не найдена | Файл: D:\WebServer\domains\ishop2.loc\vendor\ishop\core\Router.php | Строка: 39
=================
[2017-08-22 08:53:07] Текст ошибки: Страница не найдена | Файл: D:\WebServer\domains\ishop2.loc\vendor\ishop\core\Router.php | Строка: 39
=================
[2017-08-22 08:53:07] Текст ошибки: Страница не найдена | Файл: D:\WebServer\domains\ishop2.loc\vendor\ishop\core\Router.php | Строка: 39
=================
[2017-08-22 08:53:07] Текст ошибки: Страница не найдена | Файл: D:\WebServer\domains\ishop2.loc\vendor\ishop\core\Router.php | Строка: 39
=================
[2017-08-22 08:53:07] Текст ошибки: Страница не найдена | Файл: D:\WebServer\domains\ishop2.loc\vendor\ishop\core\Router.php | Строка: 39
=================
[2017-08-22 08:53:07] Текст ошибки: Страница не найдена | Файл: D:\WebServer\domains\ishop2.loc\vendor\ishop\core\Router.php | Строка: 39
=================
[2017-08-22 08:53:07] Текст ошибки: Страница не найдена | Файл: D:\WebServer\domains\ishop2.loc\vendor\ishop\core\Router.php | Строка: 39
=================
[2017-08-22 08:53:07] Текст ошибки: Страница не найдена | Файл: D:\WebServer\domains\ishop2.loc\vendor\ishop\core\Router.php | Строка: 39
=================
[2017-08-22 08:53:07] Текст ошибки: Страница не найдена | Файл: D:\WebServer\domains\ishop2.loc\vendor\ishop\core\Router.php | Строка: 39
=================
[2017-08-22 08:53:07] Текст ошибки: Страница не найдена | Файл: D:\WebServer\domains\ishop2.loc\vendor\ishop\core\Router.php | Строка: 39
=================
[2017-08-22 08:53:07] Текст ошибки: Страница не найдена | Файл: D:\WebServer\domains\ishop2.loc\vendor\ishop\core\Router.php | Строка: 39
=================
[2017-08-22 08:53:07] Текст ошибки: Страница не найдена | Файл: D:\WebServer\domains\ishop2.loc\vendor\ishop\core\Router.php | Строка: 39
=================
[2017-08-22 08:53:26] Текст ошибки: Страница не найдена | Файл: D:\WebServer\domains\ishop2.loc\vendor\ishop\core\Router.php | Строка: 39
=================
[2017-08-22 08:53:26] Текст ошибки: Страница не найдена | Файл: D:\WebServer\domains\ishop2.loc\vendor\ishop\core\Router.php | Строка: 39
=================
[2017-08-22 08:53:26] Текст ошибки: Страница не найдена | Файл: D:\WebServer\domains\ishop2.loc\vendor\ishop\core\Router.php | Строка: 39
=================
[2017-08-22 08:53:26] Текст ошибки: Страница не найдена | Файл: D:\WebServer\domains\ishop2.loc\vendor\ishop\core\Router.php | Строка: 39
=================
[2017-08-22 08:53:26] Текст ошибки: Страница не найдена | Файл: D:\WebServer\domains\ishop2.loc\vendor\ishop\core\Router.php | Строка: 39
=================
[2017-08-22 08:53:26] Текст ошибки: Страница не найдена | Файл: D:\WebServer\domains\ishop2.loc\vendor\ishop\core\Router.php | Строка: 39
=================
[2017-08-22 08:53:26] Текст ошибки: Страница не найдена | Файл: D:\WebServer\domains\ishop2.loc\vendor\ishop\core\Router.php | Строка: 39
=================
[2017-08-22 08:53:26] Текст ошибки: Страница не найдена | Файл: D:\WebServer\domains\ishop2.loc\vendor\ishop\core\Router.php | Строка: 39
=================
[2017-08-22 08:53:26] Текст ошибки: Страница не найдена | Файл: D:\WebServer\domains\ishop2.loc\vendor\ishop\core\Router.php | Строка: 39
=================
[2017-08-22 08:53:26] Текст ошибки: Страница не найдена | Файл: D:\WebServer\domains\ishop2.loc\vendor\ishop\core\Router.php | Строка: 39
=================
[2017-08-22 08:53:26] Текст ошибки: Страница не найдена | Файл: D:\WebServer\domains\ishop2.loc\vendor\ishop\core\Router.php | Строка: 39
=================
[2017-08-22 08:53:26] Текст ошибки: Страница не найдена | Файл: D:\WebServer\domains\ishop2.loc\vendor\ishop\core\Router.php | Строка: 39
=================
[2017-08-22 08:53:26] Текст ошибки: Страница не найдена | Файл: D:\WebServer\domains\ishop2.loc\vendor\ishop\core\Router.php | Строка: 39
=================
[2017-08-22 08:53:26] Текст ошибки: Страница не найдена | Файл: D:\WebServer\domains\ishop2.loc\vendor\ishop\core\Router.php | Строка: 39
=================
[2017-08-22 08:53:26] Текст ошибки: Страница не найдена | Файл: D:\WebServer\domains\ishop2.loc\vendor\ishop\core\Router.php | Строка: 39
=================
[2017-08-22 08:53:26] Текст ошибки: Страница не найдена | Файл: D:\WebServer\domains\ishop2.loc\vendor\ishop\core\Router.php | Строка: 39
=================
[2017-08-22 08:53:26] Текст ошибки: Страница не найдена | Файл: D:\WebServer\domains\ishop2.loc\vendor\ishop\core\Router.php | Строка: 39
=================
[2017-08-22 08:53:26] Текст ошибки: Страница не найдена | Файл: D:\WebServer\domains\ishop2.loc\vendor\ishop\core\Router.php | Строка: 39
=================
[2017-08-22 08:53:26] Текст ошибки: Страница не найдена | Файл: D:\WebServer\domains\ishop2.loc\vendor\ishop\core\Router.php | Строка: 39
=================
[2017-08-22 08:53:26] Текст ошибки: Страница не найдена | Файл: D:\WebServer\domains\ishop2.loc\vendor\ishop\core\Router.php | Строка: 39
=================
[2017-08-22 08:53:26] Текст ошибки: Страница не найдена | Файл: D:\WebServer\domains\ishop2.loc\vendor\ishop\core\Router.php | Строка: 39
=================
[2017-08-22 08:53:26] Текст ошибки: Страница не найдена | Файл: D:\WebServer\domains\ishop2.loc\vendor\ishop\core\Router.php | Строка: 39
=================
[2017-08-22 08:53:26] Текст ошибки: Страница не найдена | Файл: D:\WebServer\domains\ishop2.loc\vendor\ishop\core\Router.php | Строка: 39
=================
[2017-08-22 08:53:26] Текст ошибки: Страница не найдена | Файл: D:\WebServer\domains\ishop2.loc\vendor\ishop\core\Router.php | Строка: 39
=================
[2017-08-22 08:53:26] Текст ошибки: Страница не найдена | Файл: D:\WebServer\domains\ishop2.loc\vendor\ishop\core\Router.php | Строка: 39
=================
[2017-08-22 08:53:26] Текст ошибки: Страница не найдена | Файл: D:\WebServer\domains\ishop2.loc\vendor\ishop\core\Router.php | Строка: 39
=================
[2017-08-22 08:53:26] Текст ошибки: Страница не найдена | Файл: D:\WebServer\domains\ishop2.loc\vendor\ishop\core\Router.php | Строка: 39
=================
[2017-08-22 08:53:26] Текст ошибки: Страница не найдена | Файл: D:\WebServer\domains\ishop2.loc\vendor\ishop\core\Router.php | Строка: 39
=================
[2017-08-22 08:53:26] Текст ошибки: Страница не найдена | Файл: D:\WebServer\domains\ishop2.loc\vendor\ishop\core\Router.php | Строка: 39
=================
[2017-08-22 08:53:26] Текст ошибки: Страница не найдена | Файл: D:\WebServer\domains\ishop2.loc\vendor\ishop\core\Router.php | Строка: 39
=================
[2017-08-22 08:53:26] Текст ошибки: Страница не найдена | Файл: D:\WebServer\domains\ishop2.loc\vendor\ishop\core\Router.php | Строка: 39
=================
[2017-08-22 08:53:26] Текст ошибки: Страница не найдена | Файл: D:\WebServer\domains\ishop2.loc\vendor\ishop\core\Router.php | Строка: 39
=================
[2017-08-22 08:53:26] Текст ошибки: Страница не найдена | Файл: D:\WebServer\domains\ishop2.loc\vendor\ishop\core\Router.php | Строка: 39
=================
[2017-08-22 08:53:26] Текст ошибки: Страница не найдена | Файл: D:\WebServer\domains\ishop2.loc\vendor\ishop\core\Router.php | Строка: 39
=================
[2017-08-22 08:53:26] Текст ошибки: Страница не найдена | Файл: D:\WebServer\domains\ishop2.loc\vendor\ishop\core\Router.php | Строка: 39
=================
[2017-08-22 08:53:26] Текст ошибки: Страница не найдена | Файл: D:\WebServer\domains\ishop2.loc\vendor\ishop\core\Router.php | Строка: 39
=================
[2017-08-22 08:53:26] Текст ошибки: Страница не найдена | Файл: D:\WebServer\domains\ishop2.loc\vendor\ishop\core\Router.php | Строка: 39
=================
[2017-08-22 08:53:26] Текст ошибки: Страница не найдена | Файл: D:\WebServer\domains\ishop2.loc\vendor\ishop\core\Router.php | Строка: 39
=================
[2017-08-22 08:53:26] Текст ошибки: Страница не найдена | Файл: D:\WebServer\domains\ishop2.loc\vendor\ishop\core\Router.php | Строка: 39
=================
[2017-08-22 08:53:26] Текст ошибки: Страница не найдена | Файл: D:\WebServer\domains\ishop2.loc\vendor\ishop\core\Router.php | Строка: 39
=================
[2017-08-22 08:53:26] Текст ошибки: Страница не найдена | Файл: D:\WebServer\domains\ishop2.loc\vendor\ishop\core\Router.php | Строка: 39
=================
[2017-08-22 08:53:26] Текст ошибки: Страница не найдена | Файл: D:\WebServer\domains\ishop2.loc\vendor\ishop\core\Router.php | Строка: 39
=================
[2017-08-22 08:53:26] Текст ошибки: Страница не найдена | Файл: D:\WebServer\domains\ishop2.loc\vendor\ishop\core\Router.php | Строка: 39
=================
[2017-08-22 08:53:26] Текст ошибки: Страница не найдена | Файл: D:\WebServer\domains\ishop2.loc\vendor\ishop\core\Router.php | Строка: 39
=================
[2017-08-22 08:54:17] Текст ошибки: Страница не найдена | Файл: D:\WebServer\domains\ishop2.loc\vendor\ishop\core\Router.php | Строка: 39
=================
[2017-08-22 08:54:19] Текст ошибки: Страница не найдена | Файл: D:\WebServer\domains\ishop2.loc\vendor\ishop\core\Router.php | Строка: 39
=================
[2017-08-22 12:09:30] Текст ошибки: Страница не найдена | Файл: D:\WebServer\domains\ishop2.loc\vendor\ishop\core\Router.php | Строка: 39
=================
[2017-08-22 12:09:30] Текст ошибки: Страница не найдена | Файл: D:\WebServer\domains\ishop2.loc\vendor\ishop\core\Router.php | Строка: 39
=================
[2017-08-22 12:54:44] Текст ошибки: Страница не найдена | Файл: D:\WebServer\domains\ishop2.loc\vendor\ishop\core\Router.php | Строка: 39
=================
[2017-08-22 13:12:46] Текст ошибки: Контроллер app\controllers\CartController не найден | Файл: D:\WebServer\domains\ishop2.loc\vendor\ishop\core\Router.php | Строка: 36
=================
[2017-08-22 16:29:27] Текст ошибки: Страница не найдена | Файл: D:\WebServer\domains\ishop2.loc\vendor\ishop\core\Router.php | Строка: 39
=================
[2017-08-22 16:29:27] Текст ошибки: Страница не найдена | Файл: D:\WebServer\domains\ishop2.loc\vendor\ishop\core\Router.php | Строка: 39
=================
[2019-04-21 16:00:49] Текст ошибки: Нет соединения с БД | Файл: D:\OSPanel\domains\shop.loc\vendor\ishop\core\Db.php | Строка: 14
=================
[2019-04-21 16:00:49] Текст ошибки: Страница не найдена | Файл: D:\OSPanel\domains\shop.loc\vendor\ishop\core\Router.php | Строка: 39
=================
[2019-04-21 16:04:34] Текст ошибки: Нет соединения с БД | Файл: D:\OSPanel\domains\shop.loc\vendor\ishop\core\Db.php | Строка: 14
=================
[2019-04-21 16:04:35] Текст ошибки: Нет соединения с БД | Файл: D:\OSPanel\domains\shop.loc\vendor\ishop\core\Db.php | Строка: 14
=================
[2019-04-21 16:04:38] Текст ошибки: Нет соединения с БД | Файл: D:\OSPanel\domains\shop.loc\vendor\ishop\core\Db.php | Строка: 14
=================
[2019-04-21 16:05:09] Текст ошибки: Нет соединения с БД | Файл: D:\OSPanel\domains\shop.loc\vendor\ishop\core\Db.php | Строка: 14
=================
[2019-04-21 16:05:12] Текст ошибки: Нет соединения с БД | Файл: D:\OSPanel\domains\shop.loc\vendor\ishop\core\Db.php | Строка: 14
=================
[2019-04-21 16:05:13] Текст ошибки: Нет соединения с БД | Файл: D:\OSPanel\domains\shop.loc\vendor\ishop\core\Db.php | Строка: 14
=================
